# JRE version: Java(TM) SE Runtime Environment (8.0_101-b13) (build 1.8.0_101-b13)
# Java VM: Java HotSpot(TM) 64-Bit Server VM (25.101-b13 mixed mode windows-amd64 compressed oops)
Heap:
 PSYoungGen      total 326144K, used 133411K [0x00000000eab00000, 0x0000000100000000, 0x0000000100000000)
  eden space 303104K, 40% used [0x00000000eab00000,0x00000000f23a2f30,0x00000000fd300000)
  from space 23040K, 42% used [0x00000000fd300000,0x00000000fdca6020,0x00000000fe980000)
  to   space 23040K, 0% used [0x00000000fe980000,0x00000000fe980000,0x0000000100000000)
 ParOldGen       total 76800K, used 76755K [0x00000000c0000000, 0x00000000c4b00000, 0x00000000eab00000)
  object space 76800K, 99% used [0x00000000c0000000,0x00000000c4af4dd0,0x00000000c4b00000)
 Metaspace       used 82313K, capacity 86846K, committed 86912K, reserved 1124352K
  class space    used 11380K, capacity 12898K, committed 12928K, reserved 1048576K
GC Heap History (10 events):
Event: 2308.561 GC heap before
{Heap before GC invocations=25 (full 5):
 PSYoungGen      total 299520K, used 13806K [0x00000000eab00000, 0x00000000fe600000, 0x0000000100000000)
  eden space 285696K, 0% used [0x00000000eab00000,0x00000000eab00000,0x00000000fc200000)
  from space 13824K, 99% used [0x00000000fd280000,0x00000000fdffb868,0x00000000fe000000)
  to   space 16896K, 0% used [0x00000000fc200000,0x00000000fc200000,0x00000000fd280000)
 ParOldGen       total 74752K, used 32869K [0x00000000c0000000, 0x00000000c4900000, 0x00000000eab00000)
  object space 74752K, 43% used [0x00000000c0000000,0x00000000c20195c0,0x00000000c4900000)
 Metaspace       used 56269K, capacity 58336K, committed 59264K, reserved 1099776K
  class space    used 7511K, capacity 8253K, committed 8576K, reserved 1048576K
Event: 2309.040 GC heap after
Heap after GC invocations=25 (full 5):
 PSYoungGen      total 299520K, used 0K [0x00000000eab00000, 0x00000000fe600000, 0x0000000100000000)
  eden space 285696K, 0% used [0x00000000eab00000,0x00000000eab00000,0x00000000fc200000)
  from space 13824K, 0% used [0x00000000fd280000,0x00000000fd280000,0x00000000fe000000)
  to   space 16896K, 0% used [0x00000000fc200000,0x00000000fc200000,0x00000000fd280000)
 ParOldGen       total 74752K, used 40319K [0x00000000c0000000, 0x00000000c4900000, 0x00000000eab00000)
  object space 74752K, 53% used [0x00000000c0000000,0x00000000c275fe28,0x00000000c4900000)
 Metaspace       used 55943K, capacity 57258K, committed 59264K, reserved 1099776K
  class space    used 7438K, capacity 7907K, committed 8576K, reserved 1048576K
}
Event: 2326.785 GC heap before
{Heap before GC invocations=26 (full 5):
 PSYoungGen      total 299520K, used 285696K [0x00000000eab00000, 0x00000000fe600000, 0x0000000100000000)
  eden space 285696K, 100% used [0x00000000eab00000,0x00000000fc200000,0x00000000fc200000)
  from space 13824K, 0% used [0x00000000fd280000,0x00000000fd280000,0x00000000fe000000)
  to   space 16896K, 0% used [0x00000000fc200000,0x00000000fc200000,0x00000000fd280000)
 ParOldGen       total 74752K, used 40319K [0x00000000c0000000, 0x00000000c4900000, 0x00000000eab00000)
  object space 74752K, 53% used [0x00000000c0000000,0x00000000c275fe28,0x00000000c4900000)
 Metaspace       used 63000K, capacity 65728K, committed 66176K, reserved 1105920K
  class space    used 8428K, capacity 9335K, committed 9600K, reserved 1048576K
Event: 2326.823 GC heap after
Heap after GC invocations=26 (full 5):
 PSYoungGen      total 302592K, used 16876K [0x00000000eab00000, 0x0000000100000000, 0x0000000100000000)
  eden space 285696K, 0% used [0x00000000eab00000,0x00000000eab00000,0x00000000fc200000)
  from space 16896K, 99% used [0x00000000fc200000,0x00000000fd27b168,0x00000000fd280000)
  to   space 19968K, 0% used [0x00000000fec80000,0x00000000fec80000,0x0000000100000000)
 ParOldGen       total 74752K, used 41278K [0x00000000c0000000, 0x00000000c4900000, 0x00000000eab00000)
  object space 74752K, 55% used [0x00000000c0000000,0x00000000c284f940,0x00000000c4900000)
 Metaspace       used 63000K, capacity 65728K, committed 66176K, reserved 1105920K
  class space    used 8428K, capacity 9335K, committed 9600K, reserved 1048576K
}
Event: 2329.463 GC heap before
{Heap before GC invocations=27 (full 5):
 PSYoungGen      total 302592K, used 302572K [0x00000000eab00000, 0x0000000100000000, 0x0000000100000000)
  eden space 285696K, 100% used [0x00000000eab00000,0x00000000fc200000,0x00000000fc200000)
  from space 16896K, 99% used [0x00000000fc200000,0x00000000fd27b168,0x00000000fd280000)
  to   space 19968K, 0% used [0x00000000fec80000,0x00000000fec80000,0x0000000100000000)
 ParOldGen       total 74752K, used 41278K [0x00000000c0000000, 0x00000000c4900000, 0x00000000eab00000)
  object space 74752K, 55% used [0x00000000c0000000,0x00000000c284f940,0x00000000c4900000)
 Metaspace       used 69942K, capacity 73544K, committed 73728K, reserved 1112064K
  class space    used 9419K, capacity 10625K, committed 10752K, reserved 1048576K
Event: 2329.526 GC heap after
Heap after GC invocations=27 (full 5):
 PSYoungGen      total 323072K, used 18638K [0x00000000eab00000, 0x0000000100000000, 0x0000000100000000)
  eden space 303104K, 0% used [0x00000000eab00000,0x00000000eab00000,0x00000000fd300000)
  from space 19968K, 93% used [0x00000000fec80000,0x00000000ffeb3a88,0x0000000100000000)
  to   space 23040K, 0% used [0x00000000fd300000,0x00000000fd300000,0x00000000fe980000)
 ParOldGen       total 74752K, used 52746K [0x00000000c0000000, 0x00000000c4900000, 0x00000000eab00000)
  object space 74752K, 70% used [0x00000000c0000000,0x00000000c3382b60,0x00000000c4900000)
 Metaspace       used 69942K, capacity 73544K, committed 73728K, reserved 1112064K
  class space    used 9419K, capacity 10625K, committed 10752K, reserved 1048576K
}
Event: 2341.046 GC heap before
{Heap before GC invocations=28 (full 5):
 PSYoungGen      total 323072K, used 321742K [0x00000000eab00000, 0x0000000100000000, 0x0000000100000000)
  eden space 303104K, 100% used [0x00000000eab00000,0x00000000fd300000,0x00000000fd300000)
  from space 19968K, 93% used [0x00000000fec80000,0x00000000ffeb3a88,0x0000000100000000)
  to   space 23040K, 0% used [0x00000000fd300000,0x00000000fd300000,0x00000000fe980000)
 ParOldGen       total 74752K, used 52746K [0x00000000c0000000, 0x00000000c4900000, 0x00000000eab00000)
  object space 74752K, 70% used [0x00000000c0000000,0x00000000c3382b60,0x00000000c4900000)
 Metaspace       used 80244K, capacity 85118K, committed 85504K, reserved 1122304K
  class space    used 11062K, capacity 12708K, committed 12800K, reserved 1048576K
Event: 2341.548 GC heap after
Heap after GC invocations=28 (full 5):
 PSYoungGen      total 326144K, used 23040K [0x00000000eab00000, 0x0000000100000000, 0x0000000100000000)
  eden space 303104K, 0% used [0x00000000eab00000,0x00000000eab00000,0x00000000fd300000)
  from space 23040K, 100% used [0x00000000fd300000,0x00000000fe980000,0x00000000fe980000)
  to   space 23040K, 0% used [0x00000000fe980000,0x00000000fe980000,0x0000000100000000)
 ParOldGen       total 76800K, used 76456K [0x00000000c0000000, 0x00000000c4b00000, 0x00000000eab00000)
  object space 76800K, 99% used [0x00000000c0000000,0x00000000c4aaa0b8,0x00000000c4b00000)
 Metaspace       used 80244K, capacity 85118K, committed 85504K, reserved 1122304K
  class space    used 11062K, capacity 12708K, committed 12800K, reserved 1048576K
}
Event: 2341.548 GC heap before
{Heap before GC invocations=29 (full 6):
 PSYoungGen      total 326144K, used 23040K [0x00000000eab00000, 0x0000000100000000, 0x0000000100000000)
  eden space 303104K, 0% used [0x00000000eab00000,0x00000000eab00000,0x00000000fd300000)
  from space 23040K, 100% used [0x00000000fd300000,0x00000000fe980000,0x00000000fe980000)
  to   space 23040K, 0% used [0x00000000fe980000,0x00000000fe980000,0x0000000100000000)
 ParOldGen       total 76800K, used 76456K [0x00000000c0000000, 0x00000000c4b00000, 0x00000000eab00000)
  object space 76800K, 99% used [0x00000000c0000000,0x00000000c4aaa0b8,0x00000000c4b00000)
 Metaspace       used 80244K, capacity 85118K, committed 85504K, reserved 1122304K
  class space    used 11062K, capacity 12708K, committed 12800K, reserved 1048576K
Event: 2342.789 GC heap after
Heap after GC invocations=29 (full 6):
 PSYoungGen      total 326144K, used 9880K [0x00000000eab00000, 0x0000000100000000, 0x0000000100000000)
  eden space 303104K, 0% used [0x00000000eab00000,0x00000000eab00000,0x00000000fd300000)
  from space 23040K, 42% used [0x00000000fd300000,0x00000000fdca6020,0x00000000fe980000)
  to   space 23040K, 0% used [0x00000000fe980000,0x00000000fe980000,0x0000000100000000)
 ParOldGen       total 76800K, used 76755K [0x00000000c0000000, 0x00000000c4b00000, 0x00000000eab00000)
  object space 76800K, 99% used [0x00000000c0000000,0x00000000c4af4dd0,0x00000000c4b00000)
 Metaspace       used 80014K, capacity 84320K, committed 85504K, reserved 1122304K
  class space    used 11011K, capacity 12470K, committed 12800K, reserved 1048576K
}

